{"/Users/msekar/Downloads/date-master/unitTestingTask.js": {"path":"/Users/msekar/Downloads/date-master/unitTestingTask.js","statementMap":{"0":{"start":{"line":1,"column":0},"end":{"line":342,"column":3}},"1":{"start":{"line":2,"column":2},"end":{"line":10,"column":3}},"2":{"start":{"line":3,"column":4},"end":{"line":5,"column":7}},"3":{"start":{"line":4,"column":6},"end":{"line":4,"column":27}},"4":{"start":{"line":6,"column":9},"end":{"line":10,"column":3}},"5":{"start":{"line":7,"column":4},"end":{"line":7,"column":35}},"6":{"start":{"line":9,"column":4},"end":{"line":9,"column":41}},"7":{"start":{"line":24,"column":14},"end":{"line":24,"column":30}},"8":{"start":{"line":25,"column":17},"end":{"line":25,"column":52}},"9":{"start":{"line":27,"column":4},"end":{"line":29,"column":5}},"10":{"start":{"line":28,"column":6},"end":{"line":28,"column":17}},"11":{"start":{"line":32,"column":4},"end":{"line":32,"column":54}},"12":{"start":{"line":34,"column":4},"end":{"line":34,"column":15}},"13":{"start":{"line":37,"column":18},"end":{"line":37,"column":69}},"14":{"start":{"line":39,"column":15},"end":{"line":122,"column":3}},"15":{"start":{"line":41,"column":6},"end":{"line":41,"column":32}},"16":{"start":{"line":44,"column":6},"end":{"line":44,"column":53}},"17":{"start":{"line":47,"column":6},"end":{"line":47,"column":68}},"18":{"start":{"line":50,"column":6},"end":{"line":50,"column":73}},"19":{"start":{"line":53,"column":6},"end":{"line":53,"column":48}},"20":{"start":{"line":56,"column":6},"end":{"line":56,"column":33}},"21":{"start":{"line":59,"column":6},"end":{"line":59,"column":71}},"22":{"start":{"line":62,"column":6},"end":{"line":62,"column":76}},"23":{"start":{"line":65,"column":6},"end":{"line":65,"column":74}},"24":{"start":{"line":68,"column":6},"end":{"line":68,"column":43}},"25":{"start":{"line":71,"column":6},"end":{"line":71,"column":28}},"26":{"start":{"line":74,"column":6},"end":{"line":74,"column":44}},"27":{"start":{"line":77,"column":6},"end":{"line":77,"column":29}},"28":{"start":{"line":80,"column":6},"end":{"line":80,"column":55}},"29":{"start":{"line":83,"column":6},"end":{"line":83,"column":40}},"30":{"start":{"line":86,"column":6},"end":{"line":86,"column":46}},"31":{"start":{"line":89,"column":6},"end":{"line":89,"column":31}},"32":{"start":{"line":92,"column":6},"end":{"line":92,"column":46}},"33":{"start":{"line":95,"column":6},"end":{"line":95,"column":31}},"34":{"start":{"line":98,"column":6},"end":{"line":98,"column":54}},"35":{"start":{"line":101,"column":6},"end":{"line":101,"column":36}},"36":{"start":{"line":104,"column":6},"end":{"line":104,"column":80}},"37":{"start":{"line":107,"column":6},"end":{"line":107,"column":79}},"38":{"start":{"line":110,"column":15},"end":{"line":110,"column":39}},"39":{"start":{"line":111,"column":16},"end":{"line":111,"column":45}},"40":{"start":{"line":112,"column":15},"end":{"line":112,"column":22}},"41":{"start":{"line":113,"column":15},"end":{"line":113,"column":33}},"42":{"start":{"line":115,"column":6},"end":{"line":115,"column":34}},"43":{"start":{"line":117,"column":6},"end":{"line":117,"column":80}},"44":{"start":{"line":120,"column":6},"end":{"line":120,"column":40}},"45":{"start":{"line":124,"column":24},"end":{"line":124,"column":26}},"46":{"start":{"line":125,"column":2},"end":{"line":129,"column":3}},"47":{"start":{"line":126,"column":4},"end":{"line":128,"column":5}},"48":{"start":{"line":127,"column":6},"end":{"line":127,"column":38}},"49":{"start":{"line":130,"column":15},"end":{"line":130,"column":58}},"50":{"start":{"line":171,"column":4},"end":{"line":173,"column":5}},"51":{"start":{"line":172,"column":6},"end":{"line":172,"column":64}},"52":{"start":{"line":175,"column":4},"end":{"line":184,"column":5}},"53":{"start":{"line":181,"column":6},"end":{"line":183,"column":8}},"54":{"start":{"line":187,"column":6},"end":{"line":191,"column":20}},"55":{"start":{"line":193,"column":4},"end":{"line":193,"column":31}},"56":{"start":{"line":195,"column":4},"end":{"line":201,"column":5}},"57":{"start":{"line":196,"column":6},"end":{"line":196,"column":53}},"58":{"start":{"line":198,"column":6},"end":{"line":200,"column":9}},"59":{"start":{"line":199,"column":8},"end":{"line":199,"column":41}},"60":{"start":{"line":209,"column":19},"end":{"line":209,"column":50}},"61":{"start":{"line":219,"column":14},"end":{"line":242,"column":3}},"62":{"start":{"line":220,"column":4},"end":{"line":222,"column":5}},"63":{"start":{"line":221,"column":6},"end":{"line":221,"column":31}},"64":{"start":{"line":224,"column":4},"end":{"line":237,"column":5}},"65":{"start":{"line":225,"column":6},"end":{"line":235,"column":7}},"66":{"start":{"line":226,"column":8},"end":{"line":226,"column":33}},"67":{"start":{"line":227,"column":13},"end":{"line":235,"column":7}},"68":{"start":{"line":228,"column":8},"end":{"line":234,"column":9}},"69":{"start":{"line":229,"column":10},"end":{"line":229,"column":29}},"70":{"start":{"line":230,"column":10},"end":{"line":230,"column":36}},"71":{"start":{"line":231,"column":10},"end":{"line":231,"column":35}},"72":{"start":{"line":233,"column":10},"end":{"line":233,"column":35}},"73":{"start":{"line":236,"column":6},"end":{"line":236,"column":31}},"74":{"start":{"line":239,"column":4},"end":{"line":239,"column":30}},"75":{"start":{"line":240,"column":4},"end":{"line":240,"column":29}},"76":{"start":{"line":241,"column":4},"end":{"line":241,"column":29}},"77":{"start":{"line":245,"column":2},"end":{"line":269,"column":5}},"78":{"start":{"line":251,"column":6},"end":{"line":251,"column":43}},"79":{"start":{"line":255,"column":6},"end":{"line":255,"column":48}},"80":{"start":{"line":263,"column":6},"end":{"line":267,"column":7}},"81":{"start":{"line":264,"column":8},"end":{"line":264,"column":37}},"82":{"start":{"line":266,"column":8},"end":{"line":266,"column":37}},"83":{"start":{"line":276,"column":24},"end":{"line":281,"column":3}},"84":{"start":{"line":277,"column":4},"end":{"line":280,"column":6}},"85":{"start":{"line":278,"column":14},"end":{"line":278,"column":75}},"86":{"start":{"line":279,"column":6},"end":{"line":279,"column":38}},"87":{"start":{"line":288,"column":20},"end":{"line":288,"column":52}},"88":{"start":{"line":308,"column":18},"end":{"line":311,"column":3}},"89":{"start":{"line":309,"column":4},"end":{"line":309,"column":47}},"90":{"start":{"line":310,"column":4},"end":{"line":310,"column":28}},"91":{"start":{"line":318,"column":2},"end":{"line":320,"column":4}},"92":{"start":{"line":319,"column":4},"end":{"line":319,"column":52}},"93":{"start":{"line":323,"column":2},"end":{"line":323,"column":36}},"94":{"start":{"line":324,"column":2},"end":{"line":324,"column":34}},"95":{"start":{"line":325,"column":2},"end":{"line":325,"column":49}},"96":{"start":{"line":326,"column":2},"end":{"line":326,"column":52}},"97":{"start":{"line":329,"column":17},"end":{"line":329,"column":37}},"98":{"start":{"line":336,"column":2},"end":{"line":339,"column":4}},"99":{"start":{"line":337,"column":4},"end":{"line":337,"column":36}},"100":{"start":{"line":338,"column":4},"end":{"line":338,"column":16}},"101":{"start":{"line":341,"column":2},"end":{"line":341,"column":25}}},"fnMap":{"0":{"name":"(anonymous_0)","decl":{"start":{"line":1,"column":1},"end":{"line":1,"column":2}},"loc":{"start":{"line":1,"column":26},"end":{"line":11,"column":1}},"line":1},"1":{"name":"(anonymous_1)","decl":{"start":{"line":3,"column":15},"end":{"line":3,"column":16}},"loc":{"start":{"line":3,"column":27},"end":{"line":5,"column":5}},"line":3},"2":{"name":"(anonymous_2)","decl":{"start":{"line":11,"column":9},"end":{"line":11,"column":10}},"loc":{"start":{"line":11,"column":25},"end":{"line":342,"column":1}},"line":11},"3":{"name":"leadingZeroes","decl":{"start":{"line":23,"column":11},"end":{"line":23,"column":24}},"loc":{"start":{"line":23,"column":40},"end":{"line":35,"column":3}},"line":23},"4":{"name":"(anonymous_4)","decl":{"start":{"line":40,"column":10},"end":{"line":40,"column":11}},"loc":{"start":{"line":40,"column":26},"end":{"line":42,"column":5}},"line":40},"5":{"name":"(anonymous_5)","decl":{"start":{"line":43,"column":8},"end":{"line":43,"column":9}},"loc":{"start":{"line":43,"column":24},"end":{"line":45,"column":5}},"line":43},"6":{"name":"(anonymous_6)","decl":{"start":{"line":46,"column":10},"end":{"line":46,"column":11}},"loc":{"start":{"line":46,"column":34},"end":{"line":48,"column":5}},"line":46},"7":{"name":"(anonymous_7)","decl":{"start":{"line":49,"column":9},"end":{"line":49,"column":10}},"loc":{"start":{"line":49,"column":33},"end":{"line":51,"column":5}},"line":49},"8":{"name":"(anonymous_8)","decl":{"start":{"line":52,"column":8},"end":{"line":52,"column":9}},"loc":{"start":{"line":52,"column":24},"end":{"line":54,"column":5}},"line":52},"9":{"name":"(anonymous_9)","decl":{"start":{"line":55,"column":7},"end":{"line":55,"column":8}},"loc":{"start":{"line":55,"column":23},"end":{"line":57,"column":5}},"line":55},"10":{"name":"(anonymous_10)","decl":{"start":{"line":58,"column":9},"end":{"line":58,"column":10}},"loc":{"start":{"line":58,"column":25},"end":{"line":60,"column":5}},"line":58},"11":{"name":"(anonymous_11)","decl":{"start":{"line":61,"column":8},"end":{"line":61,"column":9}},"loc":{"start":{"line":61,"column":24},"end":{"line":63,"column":5}},"line":61},"12":{"name":"(anonymous_12)","decl":{"start":{"line":64,"column":7},"end":{"line":64,"column":8}},"loc":{"start":{"line":64,"column":23},"end":{"line":66,"column":5}},"line":64},"13":{"name":"(anonymous_13)","decl":{"start":{"line":67,"column":8},"end":{"line":67,"column":9}},"loc":{"start":{"line":67,"column":24},"end":{"line":69,"column":5}},"line":67},"14":{"name":"(anonymous_14)","decl":{"start":{"line":70,"column":7},"end":{"line":70,"column":8}},"loc":{"start":{"line":70,"column":23},"end":{"line":72,"column":5}},"line":70},"15":{"name":"(anonymous_15)","decl":{"start":{"line":73,"column":8},"end":{"line":73,"column":9}},"loc":{"start":{"line":73,"column":24},"end":{"line":75,"column":5}},"line":73},"16":{"name":"(anonymous_16)","decl":{"start":{"line":76,"column":7},"end":{"line":76,"column":8}},"loc":{"start":{"line":76,"column":23},"end":{"line":78,"column":5}},"line":76},"17":{"name":"(anonymous_17)","decl":{"start":{"line":79,"column":8},"end":{"line":79,"column":9}},"loc":{"start":{"line":79,"column":24},"end":{"line":81,"column":5}},"line":79},"18":{"name":"(anonymous_18)","decl":{"start":{"line":82,"column":7},"end":{"line":82,"column":8}},"loc":{"start":{"line":82,"column":23},"end":{"line":84,"column":5}},"line":82},"19":{"name":"(anonymous_19)","decl":{"start":{"line":85,"column":8},"end":{"line":85,"column":9}},"loc":{"start":{"line":85,"column":24},"end":{"line":87,"column":5}},"line":85},"20":{"name":"(anonymous_20)","decl":{"start":{"line":88,"column":7},"end":{"line":88,"column":8}},"loc":{"start":{"line":88,"column":23},"end":{"line":90,"column":5}},"line":88},"21":{"name":"(anonymous_21)","decl":{"start":{"line":91,"column":8},"end":{"line":91,"column":9}},"loc":{"start":{"line":91,"column":24},"end":{"line":93,"column":5}},"line":91},"22":{"name":"(anonymous_22)","decl":{"start":{"line":94,"column":7},"end":{"line":94,"column":8}},"loc":{"start":{"line":94,"column":23},"end":{"line":96,"column":5}},"line":94},"23":{"name":"(anonymous_23)","decl":{"start":{"line":97,"column":8},"end":{"line":97,"column":9}},"loc":{"start":{"line":97,"column":24},"end":{"line":99,"column":5}},"line":97},"24":{"name":"(anonymous_24)","decl":{"start":{"line":100,"column":7},"end":{"line":100,"column":8}},"loc":{"start":{"line":100,"column":23},"end":{"line":102,"column":5}},"line":100},"25":{"name":"(anonymous_25)","decl":{"start":{"line":103,"column":7},"end":{"line":103,"column":8}},"loc":{"start":{"line":103,"column":23},"end":{"line":105,"column":5}},"line":103},"26":{"name":"(anonymous_26)","decl":{"start":{"line":106,"column":7},"end":{"line":106,"column":8}},"loc":{"start":{"line":106,"column":23},"end":{"line":108,"column":5}},"line":106},"27":{"name":"(anonymous_27)","decl":{"start":{"line":109,"column":8},"end":{"line":109,"column":9}},"loc":{"start":{"line":109,"column":43},"end":{"line":118,"column":5}},"line":109},"28":{"name":"(anonymous_28)","decl":{"start":{"line":119,"column":7},"end":{"line":119,"column":8}},"loc":{"start":{"line":119,"column":23},"end":{"line":121,"column":5}},"line":119},"29":{"name":"unitTestingTask","decl":{"start":{"line":170,"column":11},"end":{"line":170,"column":26}},"loc":{"start":{"line":170,"column":41},"end":{"line":202,"column":3}},"line":170},"30":{"name":"(anonymous_30)","decl":{"start":{"line":198,"column":36},"end":{"line":198,"column":37}},"loc":{"start":{"line":198,"column":53},"end":{"line":200,"column":7}},"line":198},"31":{"name":"(anonymous_31)","decl":{"start":{"line":219,"column":37},"end":{"line":219,"column":38}},"loc":{"start":{"line":219,"column":62},"end":{"line":242,"column":3}},"line":219},"32":{"name":"(anonymous_32)","decl":{"start":{"line":250,"column":12},"end":{"line":250,"column":13}},"loc":{"start":{"line":250,"column":28},"end":{"line":252,"column":5}},"line":250},"33":{"name":"(anonymous_33)","decl":{"start":{"line":254,"column":17},"end":{"line":254,"column":18}},"loc":{"start":{"line":254,"column":33},"end":{"line":256,"column":5}},"line":254},"34":{"name":"(anonymous_34)","decl":{"start":{"line":262,"column":14},"end":{"line":262,"column":15}},"loc":{"start":{"line":262,"column":40},"end":{"line":268,"column":5}},"line":262},"35":{"name":"(anonymous_35)","decl":{"start":{"line":276,"column":24},"end":{"line":276,"column":25}},"loc":{"start":{"line":276,"column":42},"end":{"line":281,"column":3}},"line":276},"36":{"name":"(anonymous_36)","decl":{"start":{"line":277,"column":11},"end":{"line":277,"column":12}},"loc":{"start":{"line":277,"column":27},"end":{"line":280,"column":5}},"line":277},"37":{"name":"(anonymous_37)","decl":{"start":{"line":308,"column":45},"end":{"line":308,"column":46}},"loc":{"start":{"line":308,"column":69},"end":{"line":311,"column":3}},"line":308},"38":{"name":"(anonymous_38)","decl":{"start":{"line":318,"column":31},"end":{"line":318,"column":32}},"loc":{"start":{"line":318,"column":43},"end":{"line":320,"column":3}},"line":318},"39":{"name":"(anonymous_39)","decl":{"start":{"line":336,"column":31},"end":{"line":336,"column":32}},"loc":{"start":{"line":336,"column":43},"end":{"line":339,"column":3}},"line":336}},"branchMap":{"0":{"loc":{"start":{"line":2,"column":2},"end":{"line":10,"column":3}},"type":"if","locations":[{"start":{"line":2,"column":2},"end":{"line":10,"column":3}},{"start":{"line":6,"column":9},"end":{"line":10,"column":3}}],"line":2},"1":{"loc":{"start":{"line":2,"column":6},"end":{"line":2,"column":48}},"type":"binary-expr","locations":[{"start":{"line":2,"column":6},"end":{"line":2,"column":34}},{"start":{"line":2,"column":38},"end":{"line":2,"column":48}}],"line":2},"2":{"loc":{"start":{"line":6,"column":9},"end":{"line":10,"column":3}},"type":"if","locations":[{"start":{"line":6,"column":9},"end":{"line":10,"column":3}},{"start":{"line":8,"column":9},"end":{"line":10,"column":3}}],"line":6},"3":{"loc":{"start":{"line":25,"column":17},"end":{"line":25,"column":52}},"type":"cond-expr","locations":[{"start":{"line":25,"column":42},"end":{"line":25,"column":48}},{"start":{"line":25,"column":51},"end":{"line":25,"column":52}}],"line":25},"4":{"loc":{"start":{"line":27,"column":4},"end":{"line":29,"column":5}},"type":"if","locations":[{"start":{"line":27,"column":4},"end":{"line":29,"column":5}},{"start":{},"end":{}}],"line":27},"5":{"loc":{"start":{"line":37,"column":21},"end":{"line":37,"column":68}},"type":"binary-expr","locations":[{"start":{"line":37,"column":21},"end":{"line":37,"column":50}},{"start":{"line":37,"column":54},"end":{"line":37,"column":68}}],"line":37},"6":{"loc":{"start":{"line":80,"column":27},"end":{"line":80,"column":53}},"type":"binary-expr","locations":[{"start":{"line":80,"column":27},"end":{"line":80,"column":47}},{"start":{"line":80,"column":51},"end":{"line":80,"column":53}}],"line":80},"7":{"loc":{"start":{"line":83,"column":13},"end":{"line":83,"column":39}},"type":"binary-expr","locations":[{"start":{"line":83,"column":13},"end":{"line":83,"column":33}},{"start":{"line":83,"column":37},"end":{"line":83,"column":39}}],"line":83},"8":{"loc":{"start":{"line":113,"column":15},"end":{"line":113,"column":33}},"type":"cond-expr","locations":[{"start":{"line":113,"column":24},"end":{"line":113,"column":27}},{"start":{"line":113,"column":30},"end":{"line":113,"column":33}}],"line":113},"9":{"loc":{"start":{"line":115,"column":18},"end":{"line":115,"column":33}},"type":"binary-expr","locations":[{"start":{"line":115,"column":18},"end":{"line":115,"column":27}},{"start":{"line":115,"column":31},"end":{"line":115,"column":33}}],"line":115},"10":{"loc":{"start":{"line":126,"column":4},"end":{"line":128,"column":5}},"type":"if","locations":[{"start":{"line":126,"column":4},"end":{"line":128,"column":5}},{"start":{},"end":{}}],"line":126},"11":{"loc":{"start":{"line":171,"column":4},"end":{"line":173,"column":5}},"type":"if","locations":[{"start":{"line":171,"column":4},"end":{"line":173,"column":5}},{"start":{},"end":{}}],"line":171},"12":{"loc":{"start":{"line":171,"column":8},"end":{"line":171,"column":45}},"type":"binary-expr","locations":[{"start":{"line":171,"column":8},"end":{"line":171,"column":15}},{"start":{"line":171,"column":19},"end":{"line":171,"column":45}}],"line":171},"13":{"loc":{"start":{"line":175,"column":4},"end":{"line":184,"column":5}},"type":"if","locations":[{"start":{"line":175,"column":4},"end":{"line":184,"column":5}},{"start":{},"end":{}}],"line":175},"14":{"loc":{"start":{"line":176,"column":6},"end":{"line":179,"column":30}},"type":"binary-expr","locations":[{"start":{"line":176,"column":6},"end":{"line":176,"column":24}},{"start":{"line":177,"column":6},"end":{"line":177,"column":29}},{"start":{"line":178,"column":6},"end":{"line":178,"column":30}},{"start":{"line":179,"column":6},"end":{"line":179,"column":30}}],"line":176},"15":{"loc":{"start":{"line":187,"column":6},"end":{"line":191,"column":20}},"type":"cond-expr","locations":[{"start":{"line":188,"column":10},"end":{"line":190,"column":26}},{"start":{"line":191,"column":10},"end":{"line":191,"column":20}}],"line":187},"16":{"loc":{"start":{"line":187,"column":6},"end":{"line":187,"column":36}},"type":"binary-expr","locations":[{"start":{"line":187,"column":6},"end":{"line":187,"column":28}},{"start":{"line":187,"column":32},"end":{"line":187,"column":36}}],"line":187},"17":{"loc":{"start":{"line":188,"column":10},"end":{"line":190,"column":26}},"type":"cond-expr","locations":[{"start":{"line":189,"column":12},"end":{"line":189,"column":16}},{"start":{"line":190,"column":12},"end":{"line":190,"column":26}}],"line":188},"18":{"loc":{"start":{"line":195,"column":4},"end":{"line":201,"column":5}},"type":"if","locations":[{"start":{"line":195,"column":4},"end":{"line":201,"column":5}},{"start":{"line":197,"column":11},"end":{"line":201,"column":5}}],"line":195},"19":{"loc":{"start":{"line":220,"column":4},"end":{"line":222,"column":5}},"type":"if","locations":[{"start":{"line":220,"column":4},"end":{"line":222,"column":5}},{"start":{},"end":{}}],"line":220},"20":{"loc":{"start":{"line":224,"column":4},"end":{"line":237,"column":5}},"type":"if","locations":[{"start":{"line":224,"column":4},"end":{"line":237,"column":5}},{"start":{},"end":{}}],"line":224},"21":{"loc":{"start":{"line":225,"column":6},"end":{"line":235,"column":7}},"type":"if","locations":[{"start":{"line":225,"column":6},"end":{"line":235,"column":7}},{"start":{"line":227,"column":13},"end":{"line":235,"column":7}}],"line":225},"22":{"loc":{"start":{"line":225,"column":10},"end":{"line":225,"column":55}},"type":"binary-expr","locations":[{"start":{"line":225,"column":10},"end":{"line":225,"column":25}},{"start":{"line":225,"column":29},"end":{"line":225,"column":55}}],"line":225},"23":{"loc":{"start":{"line":227,"column":13},"end":{"line":235,"column":7}},"type":"if","locations":[{"start":{"line":227,"column":13},"end":{"line":235,"column":7}},{"start":{},"end":{}}],"line":227},"24":{"loc":{"start":{"line":263,"column":6},"end":{"line":267,"column":7}},"type":"if","locations":[{"start":{"line":263,"column":6},"end":{"line":267,"column":7}},{"start":{"line":265,"column":13},"end":{"line":267,"column":7}}],"line":263},"25":{"loc":{"start":{"line":264,"column":15},"end":{"line":264,"column":36}},"type":"cond-expr","locations":[{"start":{"line":264,"column":25},"end":{"line":264,"column":29}},{"start":{"line":264,"column":32},"end":{"line":264,"column":36}}],"line":264},"26":{"loc":{"start":{"line":266,"column":15},"end":{"line":266,"column":36}},"type":"cond-expr","locations":[{"start":{"line":266,"column":25},"end":{"line":266,"column":29}},{"start":{"line":266,"column":32},"end":{"line":266,"column":36}}],"line":266},"27":{"loc":{"start":{"line":278,"column":14},"end":{"line":278,"column":75}},"type":"binary-expr","locations":[{"start":{"line":278,"column":14},"end":{"line":278,"column":44}},{"start":{"line":278,"column":48},"end":{"line":278,"column":65}},{"start":{"line":278,"column":69},"end":{"line":278,"column":75}}],"line":278}},"s":{"0":1,"1":1,"2":0,"3":0,"4":1,"5":1,"6":0,"7":43,"8":43,"9":43,"10":3,"11":40,"12":40,"13":1,"14":1,"15":9,"16":0,"17":6,"18":0,"19":5,"20":1,"21":1,"22":0,"23":0,"24":11,"25":1,"26":1,"27":1,"28":6,"29":1,"30":8,"31":1,"32":3,"33":1,"34":3,"35":1,"36":3,"37":1,"38":3,"39":3,"40":3,"41":3,"42":3,"43":3,"44":2,"45":1,"46":1,"47":25,"48":25,"49":1,"50":21,"51":1,"52":20,"53":1,"54":19,"55":19,"56":19,"57":5,"58":14,"59":67,"60":1,"61":1,"62":23,"63":19,"64":4,"65":2,"66":1,"67":1,"68":1,"69":1,"70":1,"71":1,"72":0,"73":2,"74":2,"75":2,"76":2,"77":1,"78":5,"79":0,"80":3,"81":2,"82":1,"83":1,"84":7,"85":8,"86":8,"87":1,"88":1,"89":7,"90":7,"91":1,"92":0,"93":1,"94":1,"95":1,"96":1,"97":1,"98":1,"99":1,"100":1,"101":1},"f":{"0":1,"1":0,"2":1,"3":43,"4":9,"5":0,"6":6,"7":0,"8":5,"9":1,"10":1,"11":0,"12":0,"13":11,"14":1,"15":1,"16":1,"17":6,"18":1,"19":8,"20":1,"21":3,"22":1,"23":3,"24":1,"25":3,"26":1,"27":3,"28":2,"29":21,"30":67,"31":23,"32":5,"33":0,"34":3,"35":7,"36":8,"37":7,"38":0,"39":1},"b":{"0":[0,1],"1":[1,0],"2":[1,0],"3":[3,40],"4":[3,40],"5":[1,1],"6":[6,0],"7":[1,0],"8":[0,3],"9":[3,1],"10":[25,0],"11":[1,20],"12":[21,20],"13":[1,19],"14":[20,19,1,1],"15":[18,1],"16":[19,18],"17":[18,0],"18":[5,14],"19":[19,4],"20":[2,2],"21":[1,1],"22":[2,1],"23":[1,0],"24":[2,1],"25":[1,1],"26":[0,1],"27":[8,8,8]},"_coverageSchema":"1a1c01bbd47fc00a2c39e90264f33305004495a9","hash":"2daa9b54d9b7a793bea771d7cb51d2baf545ef5f"}
,"/Users/msekar/Downloads/date-master/lang/ru.js": {"path":"/Users/msekar/Downloads/date-master/lang/ru.js","statementMap":{"0":{"start":{"line":1,"column":0},"end":{"line":55,"column":3}},"1":{"start":{"line":2,"column":2},"end":{"line":8,"column":3}},"2":{"start":{"line":3,"column":4},"end":{"line":3,"column":41}},"3":{"start":{"line":4,"column":9},"end":{"line":8,"column":3}},"4":{"start":{"line":5,"column":4},"end":{"line":5,"column":60}},"5":{"start":{"line":7,"column":4},"end":{"line":7,"column":36}},"6":{"start":{"line":10,"column":2},"end":{"line":54,"column":5}},"7":{"start":{"line":22,"column":21},"end":{"line":22,"column":77}},"8":{"start":{"line":23,"column":6},"end":{"line":23,"column":53}},"9":{"start":{"line":34,"column":21},"end":{"line":34,"column":77}},"10":{"start":{"line":35,"column":6},"end":{"line":35,"column":58}},"11":{"start":{"line":44,"column":6},"end":{"line":52,"column":7}},"12":{"start":{"line":45,"column":8},"end":{"line":45,"column":22}},"13":{"start":{"line":46,"column":13},"end":{"line":52,"column":7}},"14":{"start":{"line":47,"column":8},"end":{"line":47,"column":22}},"15":{"start":{"line":48,"column":13},"end":{"line":52,"column":7}},"16":{"start":{"line":49,"column":8},"end":{"line":49,"column":21}},"17":{"start":{"line":51,"column":8},"end":{"line":51,"column":24}}},"fnMap":{"0":{"name":"(anonymous_0)","decl":{"start":{"line":1,"column":1},"end":{"line":1,"column":2}},"loc":{"start":{"line":1,"column":20},"end":{"line":9,"column":1}},"line":1},"1":{"name":"(anonymous_1)","decl":{"start":{"line":9,"column":3},"end":{"line":9,"column":4}},"loc":{"start":{"line":9,"column":30},"end":{"line":55,"column":1}},"line":9},"2":{"name":"(anonymous_2)","decl":{"start":{"line":21,"column":12},"end":{"line":21,"column":13}},"loc":{"start":{"line":21,"column":36},"end":{"line":24,"column":5}},"line":21},"3":{"name":"(anonymous_3)","decl":{"start":{"line":33,"column":17},"end":{"line":33,"column":18}},"loc":{"start":{"line":33,"column":41},"end":{"line":36,"column":5}},"line":33},"4":{"name":"(anonymous_4)","decl":{"start":{"line":43,"column":14},"end":{"line":43,"column":15}},"loc":{"start":{"line":43,"column":30},"end":{"line":53,"column":5}},"line":43}},"branchMap":{"0":{"loc":{"start":{"line":2,"column":2},"end":{"line":8,"column":3}},"type":"if","locations":[{"start":{"line":2,"column":2},"end":{"line":8,"column":3}},{"start":{"line":4,"column":9},"end":{"line":8,"column":3}}],"line":2},"1":{"loc":{"start":{"line":2,"column":6},"end":{"line":2,"column":48}},"type":"binary-expr","locations":[{"start":{"line":2,"column":6},"end":{"line":2,"column":34}},{"start":{"line":2,"column":38},"end":{"line":2,"column":48}}],"line":2},"2":{"loc":{"start":{"line":4,"column":9},"end":{"line":8,"column":3}},"type":"if","locations":[{"start":{"line":4,"column":9},"end":{"line":8,"column":3}},{"start":{"line":6,"column":9},"end":{"line":8,"column":3}}],"line":4},"3":{"loc":{"start":{"line":22,"column":21},"end":{"line":22,"column":77}},"type":"cond-expr","locations":[{"start":{"line":22,"column":50},"end":{"line":22,"column":62}},{"start":{"line":22,"column":65},"end":{"line":22,"column":77}}],"line":22},"4":{"loc":{"start":{"line":34,"column":21},"end":{"line":34,"column":77}},"type":"cond-expr","locations":[{"start":{"line":34,"column":50},"end":{"line":34,"column":62}},{"start":{"line":34,"column":65},"end":{"line":34,"column":77}}],"line":34},"5":{"loc":{"start":{"line":44,"column":6},"end":{"line":52,"column":7}},"type":"if","locations":[{"start":{"line":44,"column":6},"end":{"line":52,"column":7}},{"start":{"line":46,"column":13},"end":{"line":52,"column":7}}],"line":44},"6":{"loc":{"start":{"line":46,"column":13},"end":{"line":52,"column":7}},"type":"if","locations":[{"start":{"line":46,"column":13},"end":{"line":52,"column":7}},{"start":{"line":48,"column":13},"end":{"line":52,"column":7}}],"line":46},"7":{"loc":{"start":{"line":48,"column":13},"end":{"line":52,"column":7}},"type":"if","locations":[{"start":{"line":48,"column":13},"end":{"line":52,"column":7}},{"start":{"line":50,"column":13},"end":{"line":52,"column":7}}],"line":48}},"s":{"0":1,"1":1,"2":0,"3":1,"4":1,"5":0,"6":1,"7":1,"8":1,"9":0,"10":0,"11":1,"12":0,"13":1,"14":0,"15":1,"16":1,"17":0},"f":{"0":1,"1":1,"2":1,"3":0,"4":1},"b":{"0":[0,1],"1":[1,0],"2":[1,0],"3":[0,1],"4":[0,0],"5":[0,1],"6":[0,1],"7":[1,0]},"_coverageSchema":"1a1c01bbd47fc00a2c39e90264f33305004495a9","hash":"05102294e790bbd2fd7aefbc1c29b474f382ae87"}
}
