TN:
SF:unitTestingTask.js
FN:1,(anonymous_0)
FN:3,(anonymous_1)
FN:11,(anonymous_2)
FN:23,leadingZeroes
FN:40,(anonymous_4)
FN:43,(anonymous_5)
FN:46,(anonymous_6)
FN:49,(anonymous_7)
FN:52,(anonymous_8)
FN:55,(anonymous_9)
FN:58,(anonymous_10)
FN:61,(anonymous_11)
FN:64,(anonymous_12)
FN:67,(anonymous_13)
FN:70,(anonymous_14)
FN:73,(anonymous_15)
FN:76,(anonymous_16)
FN:79,(anonymous_17)
FN:82,(anonymous_18)
FN:85,(anonymous_19)
FN:88,(anonymous_20)
FN:91,(anonymous_21)
FN:94,(anonymous_22)
FN:97,(anonymous_23)
FN:100,(anonymous_24)
FN:103,(anonymous_25)
FN:106,(anonymous_26)
FN:109,(anonymous_27)
FN:119,(anonymous_28)
FN:170,unitTestingTask
FN:198,(anonymous_30)
FN:219,(anonymous_31)
FN:250,(anonymous_32)
FN:254,(anonymous_33)
FN:262,(anonymous_34)
FN:276,(anonymous_35)
FN:277,(anonymous_36)
FN:308,(anonymous_37)
FN:318,(anonymous_38)
FN:336,(anonymous_39)
FNF:40
FNH:33
FNDA:1,(anonymous_0)
FNDA:0,(anonymous_1)
FNDA:1,(anonymous_2)
FNDA:43,leadingZeroes
FNDA:9,(anonymous_4)
FNDA:0,(anonymous_5)
FNDA:6,(anonymous_6)
FNDA:0,(anonymous_7)
FNDA:5,(anonymous_8)
FNDA:1,(anonymous_9)
FNDA:1,(anonymous_10)
FNDA:0,(anonymous_11)
FNDA:0,(anonymous_12)
FNDA:11,(anonymous_13)
FNDA:1,(anonymous_14)
FNDA:1,(anonymous_15)
FNDA:1,(anonymous_16)
FNDA:6,(anonymous_17)
FNDA:1,(anonymous_18)
FNDA:8,(anonymous_19)
FNDA:1,(anonymous_20)
FNDA:3,(anonymous_21)
FNDA:1,(anonymous_22)
FNDA:3,(anonymous_23)
FNDA:1,(anonymous_24)
FNDA:3,(anonymous_25)
FNDA:1,(anonymous_26)
FNDA:3,(anonymous_27)
FNDA:2,(anonymous_28)
FNDA:21,unitTestingTask
FNDA:67,(anonymous_30)
FNDA:23,(anonymous_31)
FNDA:5,(anonymous_32)
FNDA:0,(anonymous_33)
FNDA:3,(anonymous_34)
FNDA:7,(anonymous_35)
FNDA:8,(anonymous_36)
FNDA:7,(anonymous_37)
FNDA:0,(anonymous_38)
FNDA:1,(anonymous_39)
DA:1,1
DA:2,1
DA:3,0
DA:4,0
DA:6,1
DA:7,1
DA:9,0
DA:24,43
DA:25,43
DA:27,43
DA:28,3
DA:32,40
DA:34,40
DA:37,1
DA:39,1
DA:41,9
DA:44,0
DA:47,6
DA:50,0
DA:53,5
DA:56,1
DA:59,1
DA:62,0
DA:65,0
DA:68,11
DA:71,1
DA:74,1
DA:77,1
DA:80,6
DA:83,1
DA:86,8
DA:89,1
DA:92,3
DA:95,1
DA:98,3
DA:101,1
DA:104,3
DA:107,1
DA:110,3
DA:111,3
DA:112,3
DA:113,3
DA:115,3
DA:117,3
DA:120,2
DA:124,1
DA:125,1
DA:126,25
DA:127,25
DA:130,1
DA:171,21
DA:172,1
DA:175,20
DA:181,1
DA:187,19
DA:193,19
DA:195,19
DA:196,5
DA:198,14
DA:199,67
DA:209,1
DA:219,1
DA:220,23
DA:221,19
DA:224,4
DA:225,2
DA:226,1
DA:227,1
DA:228,1
DA:229,1
DA:230,1
DA:231,1
DA:233,0
DA:236,2
DA:239,2
DA:240,2
DA:241,2
DA:245,1
DA:251,5
DA:255,0
DA:263,3
DA:264,2
DA:266,1
DA:276,1
DA:277,7
DA:278,8
DA:279,8
DA:288,1
DA:308,1
DA:309,7
DA:310,7
DA:318,1
DA:319,0
DA:323,1
DA:324,1
DA:325,1
DA:326,1
DA:329,1
DA:336,1
DA:337,1
DA:338,1
DA:341,1
LF:102
LH:92
BRDA:2,0,0,0
BRDA:2,0,1,1
BRDA:2,1,0,1
BRDA:2,1,1,0
BRDA:6,2,0,1
BRDA:6,2,1,0
BRDA:25,3,0,3
BRDA:25,3,1,40
BRDA:27,4,0,3
BRDA:27,4,1,40
BRDA:37,5,0,1
BRDA:37,5,1,1
BRDA:80,6,0,6
BRDA:80,6,1,0
BRDA:83,7,0,1
BRDA:83,7,1,0
BRDA:113,8,0,0
BRDA:113,8,1,3
BRDA:115,9,0,3
BRDA:115,9,1,1
BRDA:126,10,0,25
BRDA:126,10,1,0
BRDA:171,11,0,1
BRDA:171,11,1,20
BRDA:171,12,0,21
BRDA:171,12,1,20
BRDA:175,13,0,1
BRDA:175,13,1,19
BRDA:176,14,0,20
BRDA:176,14,1,19
BRDA:176,14,2,1
BRDA:176,14,3,1
BRDA:187,15,0,18
BRDA:187,15,1,1
BRDA:187,16,0,19
BRDA:187,16,1,18
BRDA:188,17,0,18
BRDA:188,17,1,0
BRDA:195,18,0,5
BRDA:195,18,1,14
BRDA:220,19,0,19
BRDA:220,19,1,4
BRDA:224,20,0,2
BRDA:224,20,1,2
BRDA:225,21,0,1
BRDA:225,21,1,1
BRDA:225,22,0,2
BRDA:225,22,1,1
BRDA:227,23,0,1
BRDA:227,23,1,0
BRDA:263,24,0,2
BRDA:263,24,1,1
BRDA:264,25,0,1
BRDA:264,25,1,1
BRDA:266,26,0,0
BRDA:266,26,1,1
BRDA:278,27,0,8
BRDA:278,27,1,8
BRDA:278,27,2,8
BRF:59
BRH:49
end_of_record
TN:
SF:lang/ru.js
FN:1,(anonymous_0)
FN:9,(anonymous_1)
FN:21,(anonymous_2)
FN:33,(anonymous_3)
FN:43,(anonymous_4)
FNF:5
FNH:4
FNDA:1,(anonymous_0)
FNDA:1,(anonymous_1)
FNDA:1,(anonymous_2)
FNDA:0,(anonymous_3)
FNDA:1,(anonymous_4)
DA:1,1
DA:2,1
DA:3,0
DA:4,1
DA:5,1
DA:7,0
DA:10,1
DA:22,1
DA:23,1
DA:34,0
DA:35,0
DA:44,1
DA:45,0
DA:46,1
DA:47,0
DA:48,1
DA:49,1
DA:51,0
LF:18
LH:11
BRDA:2,0,0,0
BRDA:2,0,1,1
BRDA:2,1,0,1
BRDA:2,1,1,0
BRDA:4,2,0,1
BRDA:4,2,1,0
BRDA:22,3,0,0
BRDA:22,3,1,1
BRDA:34,4,0,0
BRDA:34,4,1,0
BRDA:44,5,0,0
BRDA:44,5,1,1
BRDA:46,6,0,0
BRDA:46,6,1,1
BRDA:48,7,0,1
BRDA:48,7,1,0
BRF:16
BRH:7
end_of_record
