TN:
SF:unitTestingTask.js
FN:1,(anonymous_0)
FN:3,(anonymous_1)
FN:11,(anonymous_2)
FN:23,leadingZeroes
FN:40,(anonymous_4)
FN:43,(anonymous_5)
FN:46,(anonymous_6)
FN:49,(anonymous_7)
FN:52,(anonymous_8)
FN:55,(anonymous_9)
FN:58,(anonymous_10)
FN:61,(anonymous_11)
FN:64,(anonymous_12)
FN:67,(anonymous_13)
FN:70,(anonymous_14)
FN:73,(anonymous_15)
FN:76,(anonymous_16)
FN:79,(anonymous_17)
FN:82,(anonymous_18)
FN:85,(anonymous_19)
FN:88,(anonymous_20)
FN:91,(anonymous_21)
FN:94,(anonymous_22)
FN:97,(anonymous_23)
FN:100,(anonymous_24)
FN:103,(anonymous_25)
FN:106,(anonymous_26)
FN:109,(anonymous_27)
FN:119,(anonymous_28)
FN:170,unitTestingTask
FN:198,(anonymous_30)
FN:219,(anonymous_31)
FN:249,(anonymous_32)
FN:253,(anonymous_33)
FN:261,(anonymous_34)
FN:275,(anonymous_35)
FN:276,(anonymous_36)
FN:307,(anonymous_37)
FN:317,(anonymous_38)
FN:335,(anonymous_39)
FNF:40
FNH:33
FNDA:1,(anonymous_0)
FNDA:0,(anonymous_1)
FNDA:1,(anonymous_2)
FNDA:29,leadingZeroes
FNDA:7,(anonymous_4)
FNDA:1,(anonymous_5)
FNDA:6,(anonymous_6)
FNDA:1,(anonymous_7)
FNDA:3,(anonymous_8)
FNDA:1,(anonymous_9)
FNDA:1,(anonymous_10)
FNDA:1,(anonymous_11)
FNDA:0,(anonymous_12)
FNDA:9,(anonymous_13)
FNDA:1,(anonymous_14)
FNDA:0,(anonymous_15)
FNDA:0,(anonymous_16)
FNDA:4,(anonymous_17)
FNDA:1,(anonymous_18)
FNDA:4,(anonymous_19)
FNDA:1,(anonymous_20)
FNDA:1,(anonymous_21)
FNDA:1,(anonymous_22)
FNDA:3,(anonymous_23)
FNDA:1,(anonymous_24)
FNDA:3,(anonymous_25)
FNDA:0,(anonymous_26)
FNDA:2,(anonymous_27)
FNDA:1,(anonymous_28)
FNDA:17,unitTestingTask
FNDA:52,(anonymous_30)
FNDA:22,(anonymous_31)
FNDA:5,(anonymous_32)
FNDA:1,(anonymous_33)
FNDA:2,(anonymous_34)
FNDA:7,(anonymous_35)
FNDA:6,(anonymous_36)
FNDA:7,(anonymous_37)
FNDA:0,(anonymous_38)
FNDA:0,(anonymous_39)
DA:1,1
DA:2,1
DA:3,0
DA:4,0
DA:6,1
DA:7,1
DA:9,0
DA:24,29
DA:25,29
DA:27,29
DA:28,2
DA:32,27
DA:34,27
DA:37,1
DA:39,1
DA:41,7
DA:44,1
DA:47,6
DA:50,1
DA:53,3
DA:56,1
DA:59,1
DA:62,1
DA:65,0
DA:68,9
DA:71,1
DA:74,0
DA:77,0
DA:80,4
DA:83,1
DA:86,4
DA:89,1
DA:92,1
DA:95,1
DA:98,3
DA:101,1
DA:104,3
DA:107,0
DA:110,2
DA:111,2
DA:112,2
DA:113,2
DA:115,2
DA:117,2
DA:120,1
DA:124,1
DA:125,1
DA:126,25
DA:127,25
DA:130,1
DA:171,17
DA:172,1
DA:175,16
DA:181,1
DA:187,15
DA:193,15
DA:195,15
DA:196,3
DA:198,12
DA:199,52
DA:209,1
DA:219,1
DA:220,22
DA:221,18
DA:224,4
DA:225,2
DA:226,1
DA:227,1
DA:228,1
DA:229,1
DA:230,1
DA:232,0
DA:235,2
DA:238,2
DA:239,2
DA:240,2
DA:244,1
DA:250,5
DA:254,1
DA:262,2
DA:263,2
DA:265,0
DA:275,1
DA:276,7
DA:277,6
DA:278,6
DA:287,1
DA:307,1
DA:308,7
DA:309,7
DA:317,1
DA:318,0
DA:322,1
DA:323,1
DA:324,1
DA:325,1
DA:328,1
DA:335,1
DA:336,0
DA:337,0
DA:340,1
LF:101
LH:89
BRDA:2,0,0,0
BRDA:2,0,1,1
BRDA:2,1,0,1
BRDA:2,1,1,0
BRDA:6,2,0,1
BRDA:6,2,1,0
BRDA:25,3,0,3
BRDA:25,3,1,26
BRDA:27,4,0,2
BRDA:27,4,1,27
BRDA:37,5,0,1
BRDA:37,5,1,1
BRDA:80,6,0,4
BRDA:80,6,1,4
BRDA:83,7,0,1
BRDA:83,7,1,1
BRDA:113,8,0,0
BRDA:113,8,1,2
BRDA:115,9,0,2
BRDA:115,9,1,1
BRDA:126,10,0,25
BRDA:126,10,1,0
BRDA:171,11,0,1
BRDA:171,11,1,16
BRDA:171,12,0,17
BRDA:171,12,1,16
BRDA:175,13,0,1
BRDA:175,13,1,15
BRDA:176,14,0,16
BRDA:176,14,1,15
BRDA:176,14,2,1
BRDA:176,14,3,1
BRDA:187,15,0,14
BRDA:187,15,1,1
BRDA:187,16,0,15
BRDA:187,16,1,14
BRDA:188,17,0,14
BRDA:188,17,1,0
BRDA:195,18,0,3
BRDA:195,18,1,12
BRDA:220,19,0,18
BRDA:220,19,1,4
BRDA:224,20,0,2
BRDA:224,20,1,2
BRDA:225,21,0,1
BRDA:225,21,1,1
BRDA:225,22,0,2
BRDA:225,22,1,1
BRDA:227,23,0,1
BRDA:227,23,1,0
BRDA:262,24,0,2
BRDA:262,24,1,0
BRDA:263,25,0,0
BRDA:263,25,1,2
BRDA:265,26,0,0
BRDA:265,26,1,0
BRDA:277,27,0,6
BRDA:277,27,1,6
BRDA:277,27,2,6
BRF:59
BRH:48
end_of_record
TN:
SF:lang/ru.js
FN:1,(anonymous_0)
FN:9,(anonymous_1)
FN:21,(anonymous_2)
FN:33,(anonymous_3)
FN:43,(anonymous_4)
FNF:5
FNH:4
FNDA:1,(anonymous_0)
FNDA:1,(anonymous_1)
FNDA:1,(anonymous_2)
FNDA:0,(anonymous_3)
FNDA:1,(anonymous_4)
DA:1,1
DA:2,1
DA:3,0
DA:4,1
DA:5,1
DA:7,0
DA:10,1
DA:22,1
DA:23,1
DA:34,0
DA:35,0
DA:44,1
DA:45,0
DA:46,1
DA:47,0
DA:48,1
DA:49,1
DA:51,0
LF:18
LH:11
BRDA:2,0,0,0
BRDA:2,0,1,1
BRDA:2,1,0,1
BRDA:2,1,1,0
BRDA:4,2,0,1
BRDA:4,2,1,0
BRDA:22,3,0,0
BRDA:22,3,1,1
BRDA:34,4,0,0
BRDA:34,4,1,0
BRDA:44,5,0,0
BRDA:44,5,1,1
BRDA:46,6,0,0
BRDA:46,6,1,1
BRDA:48,7,0,1
BRDA:48,7,1,0
BRF:16
BRH:7
end_of_record
